<?xml version="1.0" encoding="UTF-8"?>
<robot generator="Robot 3.2.2 (Python 3.7.5 on linux)" generated="20210303 12:49:09.498" rpa="false">
<suite id="s1" name="Test Heder Menu" source="/home/nesterpna/robot-scripts/portal/Resource/tests/test_heder_menu.robot">
<test id="s1-t1" name="Перейти на вкладку Новин">
<kw name="Start TestCase" library="common" type="setup">
<kw name="Open Browser" library="SeleniumLibrary">
<doc>Opens a new browser instance to the optional ``url``.</doc>
<arguments>
<arg>${URL}</arg>
<arg>${BROWSER}</arg>
</arguments>
<msg timestamp="20210303 12:49:09.767" level="INFO">Opening browser 'Chrome' to base url 'https://staging.prozorro.gov.ua'.</msg>
<status status="PASS" starttime="20210303 12:49:09.767" endtime="20210303 12:49:11.900"></status>
</kw>
<kw name="Maximize Browser Window" library="SeleniumLibrary">
<doc>Maximizes current browser window.</doc>
<status status="PASS" starttime="20210303 12:49:11.900" endtime="20210303 12:49:12.325"></status>
</kw>
<status status="PASS" starttime="20210303 12:49:09.767" endtime="20210303 12:49:12.326"></status>
</kw>
<kw name="Вибір і перехід по верхньому меню" library="main">
<doc>Вибір і перехід по верхньому меню</doc>
<arguments>
<arg>Новини</arg>
</arguments>
<kw name="Wait Until Element Is Visible" library="SeleniumLibrary">
<doc>Waits until the element ``locator`` is visible.</doc>
<arguments>
<arg>xpath=//nav[@class='desktop-nav']//a[text()='${locator_text}']</arg>
<arg>timeout=20</arg>
</arguments>
<status status="PASS" starttime="20210303 12:49:12.327" endtime="20210303 12:49:12.432"></status>
</kw>
<kw name="Click Element" library="SeleniumLibrary">
<doc>Click the element identified by ``locator``.</doc>
<arguments>
<arg>xpath=//nav[@class='desktop-nav']//a[text()='${locator_text}']</arg>
</arguments>
<msg timestamp="20210303 12:49:12.433" level="INFO">Clicking element 'xpath=//nav[@class='desktop-nav']//a[text()='Новини']'.</msg>
<status status="PASS" starttime="20210303 12:49:12.433" endtime="20210303 12:49:12.920"></status>
</kw>
<kw name="Sleep" library="BuiltIn">
<doc>Pauses the test executed for the given time.</doc>
<arguments>
<arg>5</arg>
</arguments>
<msg timestamp="20210303 12:49:17.921" level="INFO">Slept 5 seconds</msg>
<status status="PASS" starttime="20210303 12:49:12.921" endtime="20210303 12:49:17.921"></status>
</kw>
<status status="PASS" starttime="20210303 12:49:12.326" endtime="20210303 12:49:17.922"></status>
</kw>
<kw name="Очікувваний результат Новин на сторінці" library="news_page">
<doc>Перевіряємо наявність новин на сторінці</doc>
<kw name="Wait Until Element Is Visible" library="SeleniumLibrary">
<doc>Waits until the element ``locator`` is visible.</doc>
<arguments>
<arg>${locator.title}</arg>
<arg>timeout=20</arg>
</arguments>
<status status="PASS" starttime="20210303 12:49:17.924" endtime="20210303 12:49:17.974"></status>
</kw>
<status status="PASS" starttime="20210303 12:49:17.923" endtime="20210303 12:49:17.974"></status>
</kw>
<kw name="Get Location" library="SeleniumLibrary">
<doc>Returns the current browser window URL.</doc>
<assign>
<var>${url}</var>
</assign>
<msg timestamp="20210303 12:49:17.983" level="INFO">${url} = https://staging.prozorro.gov.ua/news</msg>
<status status="PASS" starttime="20210303 12:49:17.974" endtime="20210303 12:49:17.983"></status>
</kw>
<kw name="Log To Console" library="BuiltIn">
<doc>Logs the given message to the console.</doc>
<arguments>
<arg>${url}</arg>
</arguments>
<status status="PASS" starttime="20210303 12:49:17.984" endtime="20210303 12:49:17.984"></status>
</kw>
<kw name="Url страницы" library="news_page">
<assign>
<var>${1233}</var>
</assign>
<msg timestamp="20210303 12:49:17.985" level="INFO">${1233} = https://staging.prozorro.gov.ua/news</msg>
<status status="PASS" starttime="20210303 12:49:17.984" endtime="20210303 12:49:17.985"></status>
</kw>
<kw name="Log To Console" library="BuiltIn">
<doc>Logs the given message to the console.</doc>
<arguments>
<arg>${1233}</arg>
</arguments>
<status status="PASS" starttime="20210303 12:49:17.985" endtime="20210303 12:49:17.985"></status>
</kw>
<kw name="Finish TestCase" library="common" type="teardown">
<kw name="Close Browser" library="SeleniumLibrary">
<doc>Closes the current browser.</doc>
<status status="PASS" starttime="20210303 12:49:17.986" endtime="20210303 12:49:18.043"></status>
</kw>
<status status="PASS" starttime="20210303 12:49:17.986" endtime="20210303 12:49:18.044"></status>
</kw>
<status status="PASS" starttime="20210303 12:49:09.766" endtime="20210303 12:49:18.044" critical="yes"></status>
</test>
<test id="s1-t2" name="Перейти на вкладку Події">
<kw name="Start TestCase" library="common" type="setup">
<kw name="Open Browser" library="SeleniumLibrary">
<doc>Opens a new browser instance to the optional ``url``.</doc>
<arguments>
<arg>${URL}</arg>
<arg>${BROWSER}</arg>
</arguments>
<msg timestamp="20210303 12:49:18.048" level="INFO">Opening browser 'Chrome' to base url 'https://staging.prozorro.gov.ua'.</msg>
<status status="PASS" starttime="20210303 12:49:18.047" endtime="20210303 12:49:20.136"></status>
</kw>
<kw name="Maximize Browser Window" library="SeleniumLibrary">
<doc>Maximizes current browser window.</doc>
<status status="PASS" starttime="20210303 12:49:20.138" endtime="20210303 12:49:20.544"></status>
</kw>
<status status="PASS" starttime="20210303 12:49:18.045" endtime="20210303 12:49:20.545"></status>
</kw>
<kw name="Вибір і перехід по верхньому меню" library="main">
<doc>Вибір і перехід по верхньому меню</doc>
<arguments>
<arg>Події</arg>
</arguments>
<kw name="Wait Until Element Is Visible" library="SeleniumLibrary">
<doc>Waits until the element ``locator`` is visible.</doc>
<arguments>
<arg>xpath=//nav[@class='desktop-nav']//a[text()='${locator_text}']</arg>
<arg>timeout=20</arg>
</arguments>
<status status="PASS" starttime="20210303 12:49:20.547" endtime="20210303 12:49:20.664"></status>
</kw>
<kw name="Click Element" library="SeleniumLibrary">
<doc>Click the element identified by ``locator``.</doc>
<arguments>
<arg>xpath=//nav[@class='desktop-nav']//a[text()='${locator_text}']</arg>
</arguments>
<msg timestamp="20210303 12:49:20.665" level="INFO">Clicking element 'xpath=//nav[@class='desktop-nav']//a[text()='Події']'.</msg>
<status status="PASS" starttime="20210303 12:49:20.664" endtime="20210303 12:49:22.590"></status>
</kw>
<kw name="Sleep" library="BuiltIn">
<doc>Pauses the test executed for the given time.</doc>
<arguments>
<arg>5</arg>
</arguments>
<msg timestamp="20210303 12:49:27.592" level="INFO">Slept 5 seconds</msg>
<status status="PASS" starttime="20210303 12:49:22.590" endtime="20210303 12:49:27.592"></status>
</kw>
<status status="PASS" starttime="20210303 12:49:20.545" endtime="20210303 12:49:27.592"></status>
</kw>
<kw name="Finish TestCase" library="common" type="teardown">
<kw name="Close Browser" library="SeleniumLibrary">
<doc>Closes the current browser.</doc>
<status status="PASS" starttime="20210303 12:49:27.595" endtime="20210303 12:49:27.656"></status>
</kw>
<status status="PASS" starttime="20210303 12:49:27.593" endtime="20210303 12:49:27.656"></status>
</kw>
<status status="PASS" starttime="20210303 12:49:18.044" endtime="20210303 12:49:27.656" critical="yes"></status>
</test>
<test id="s1-t3" name="Перейти на вкладку Prozorro Market">
<kw name="Start TestCase" library="common" type="setup">
<kw name="Open Browser" library="SeleniumLibrary">
<doc>Opens a new browser instance to the optional ``url``.</doc>
<arguments>
<arg>${URL}</arg>
<arg>${BROWSER}</arg>
</arguments>
<msg timestamp="20210303 12:49:27.659" level="INFO">Opening browser 'Chrome' to base url 'https://staging.prozorro.gov.ua'.</msg>
<status status="PASS" starttime="20210303 12:49:27.658" endtime="20210303 12:49:29.585"></status>
</kw>
<kw name="Maximize Browser Window" library="SeleniumLibrary">
<doc>Maximizes current browser window.</doc>
<status status="PASS" starttime="20210303 12:49:29.586" endtime="20210303 12:49:29.956"></status>
</kw>
<status status="PASS" starttime="20210303 12:49:27.658" endtime="20210303 12:49:29.956"></status>
</kw>
<kw name="Вибір і перехід по верхньому меню" library="main">
<doc>Вибір і перехід по верхньому меню</doc>
<arguments>
<arg>Prozorro Market</arg>
</arguments>
<kw name="Wait Until Element Is Visible" library="SeleniumLibrary">
<doc>Waits until the element ``locator`` is visible.</doc>
<arguments>
<arg>xpath=//nav[@class='desktop-nav']//a[text()='${locator_text}']</arg>
<arg>timeout=20</arg>
</arguments>
<status status="PASS" starttime="20210303 12:49:29.958" endtime="20210303 12:49:30.031"></status>
</kw>
<kw name="Click Element" library="SeleniumLibrary">
<doc>Click the element identified by ``locator``.</doc>
<arguments>
<arg>xpath=//nav[@class='desktop-nav']//a[text()='${locator_text}']</arg>
</arguments>
<msg timestamp="20210303 12:49:30.033" level="INFO">Clicking element 'xpath=//nav[@class='desktop-nav']//a[text()='Prozorro Market']'.</msg>
<status status="PASS" starttime="20210303 12:49:30.032" endtime="20210303 12:49:31.739"></status>
</kw>
<kw name="Sleep" library="BuiltIn">
<doc>Pauses the test executed for the given time.</doc>
<arguments>
<arg>5</arg>
</arguments>
<msg timestamp="20210303 12:49:36.740" level="INFO">Slept 5 seconds</msg>
<status status="PASS" starttime="20210303 12:49:31.739" endtime="20210303 12:49:36.740"></status>
</kw>
<status status="PASS" starttime="20210303 12:49:29.957" endtime="20210303 12:49:36.741"></status>
</kw>
<kw name="Finish TestCase" library="common" type="teardown">
<kw name="Close Browser" library="SeleniumLibrary">
<doc>Closes the current browser.</doc>
<status status="PASS" starttime="20210303 12:49:36.743" endtime="20210303 12:49:36.806"></status>
</kw>
<status status="PASS" starttime="20210303 12:49:36.742" endtime="20210303 12:49:36.806"></status>
</kw>
<status status="PASS" starttime="20210303 12:49:27.657" endtime="20210303 12:49:36.806" critical="yes"></status>
</test>
<test id="s1-t4" name="Перейти на вкладку Інфобокс">
<kw name="Start TestCase" library="common" type="setup">
<kw name="Open Browser" library="SeleniumLibrary">
<doc>Opens a new browser instance to the optional ``url``.</doc>
<arguments>
<arg>${URL}</arg>
<arg>${BROWSER}</arg>
</arguments>
<msg timestamp="20210303 12:49:36.809" level="INFO">Opening browser 'Chrome' to base url 'https://staging.prozorro.gov.ua'.</msg>
<status status="PASS" starttime="20210303 12:49:36.808" endtime="20210303 12:49:38.823"></status>
</kw>
<kw name="Maximize Browser Window" library="SeleniumLibrary">
<doc>Maximizes current browser window.</doc>
<status status="PASS" starttime="20210303 12:49:38.824" endtime="20210303 12:49:39.197"></status>
</kw>
<status status="PASS" starttime="20210303 12:49:36.808" endtime="20210303 12:49:39.197"></status>
</kw>
<kw name="Вибір і перехід по верхньому меню" library="main">
<doc>Вибір і перехід по верхньому меню</doc>
<arguments>
<arg>Інфобокс</arg>
</arguments>
<kw name="Wait Until Element Is Visible" library="SeleniumLibrary">
<doc>Waits until the element ``locator`` is visible.</doc>
<arguments>
<arg>xpath=//nav[@class='desktop-nav']//a[text()='${locator_text}']</arg>
<arg>timeout=20</arg>
</arguments>
<status status="PASS" starttime="20210303 12:49:39.199" endtime="20210303 12:49:39.298"></status>
</kw>
<kw name="Click Element" library="SeleniumLibrary">
<doc>Click the element identified by ``locator``.</doc>
<arguments>
<arg>xpath=//nav[@class='desktop-nav']//a[text()='${locator_text}']</arg>
</arguments>
<msg timestamp="20210303 12:49:39.299" level="INFO">Clicking element 'xpath=//nav[@class='desktop-nav']//a[text()='Інфобокс']'.</msg>
<status status="PASS" starttime="20210303 12:49:39.298" endtime="20210303 12:49:40.224"></status>
</kw>
<kw name="Sleep" library="BuiltIn">
<doc>Pauses the test executed for the given time.</doc>
<arguments>
<arg>5</arg>
</arguments>
<msg timestamp="20210303 12:49:45.225" level="INFO">Slept 5 seconds</msg>
<status status="PASS" starttime="20210303 12:49:40.224" endtime="20210303 12:49:45.225"></status>
</kw>
<status status="PASS" starttime="20210303 12:49:39.198" endtime="20210303 12:49:45.226"></status>
</kw>
<kw name="Finish TestCase" library="common" type="teardown">
<kw name="Close Browser" library="SeleniumLibrary">
<doc>Closes the current browser.</doc>
<status status="PASS" starttime="20210303 12:49:45.227" endtime="20210303 12:49:45.290"></status>
</kw>
<status status="PASS" starttime="20210303 12:49:45.226" endtime="20210303 12:49:45.291"></status>
</kw>
<status status="PASS" starttime="20210303 12:49:36.807" endtime="20210303 12:49:45.291" critical="yes"></status>
</test>
<test id="s1-t5" name="Перейти на вкладку Калькулятор вартості газу">
<kw name="Start TestCase" library="common" type="setup">
<kw name="Open Browser" library="SeleniumLibrary">
<doc>Opens a new browser instance to the optional ``url``.</doc>
<arguments>
<arg>${URL}</arg>
<arg>${BROWSER}</arg>
</arguments>
<msg timestamp="20210303 12:49:45.294" level="INFO">Opening browser 'Chrome' to base url 'https://staging.prozorro.gov.ua'.</msg>
<status status="PASS" starttime="20210303 12:49:45.294" endtime="20210303 12:49:47.267"></status>
</kw>
<kw name="Maximize Browser Window" library="SeleniumLibrary">
<doc>Maximizes current browser window.</doc>
<status status="PASS" starttime="20210303 12:49:47.269" endtime="20210303 12:49:47.659"></status>
</kw>
<status status="PASS" starttime="20210303 12:49:45.293" endtime="20210303 12:49:47.659"></status>
</kw>
<kw name="Вибір і перехід по верхньому меню" library="main">
<doc>Вибір і перехід по верхньому меню</doc>
<arguments>
<arg>Калькулятор вартості газу</arg>
</arguments>
<kw name="Wait Until Element Is Visible" library="SeleniumLibrary">
<doc>Waits until the element ``locator`` is visible.</doc>
<arguments>
<arg>xpath=//nav[@class='desktop-nav']//a[text()='${locator_text}']</arg>
<arg>timeout=20</arg>
</arguments>
<status status="PASS" starttime="20210303 12:49:47.660" endtime="20210303 12:49:47.792"></status>
</kw>
<kw name="Click Element" library="SeleniumLibrary">
<doc>Click the element identified by ``locator``.</doc>
<arguments>
<arg>xpath=//nav[@class='desktop-nav']//a[text()='${locator_text}']</arg>
</arguments>
<msg timestamp="20210303 12:49:47.793" level="INFO">Clicking element 'xpath=//nav[@class='desktop-nav']//a[text()='Калькулятор вартості газу']'.</msg>
<status status="PASS" starttime="20210303 12:49:47.792" endtime="20210303 12:49:48.607"></status>
</kw>
<kw name="Sleep" library="BuiltIn">
<doc>Pauses the test executed for the given time.</doc>
<arguments>
<arg>5</arg>
</arguments>
<msg timestamp="20210303 12:49:53.607" level="INFO">Slept 5 seconds</msg>
<status status="PASS" starttime="20210303 12:49:48.607" endtime="20210303 12:49:53.608"></status>
</kw>
<status status="PASS" starttime="20210303 12:49:47.659" endtime="20210303 12:49:53.608"></status>
</kw>
<kw name="Finish TestCase" library="common" type="teardown">
<kw name="Close Browser" library="SeleniumLibrary">
<doc>Closes the current browser.</doc>
<status status="PASS" starttime="20210303 12:49:53.611" endtime="20210303 12:49:53.675"></status>
</kw>
<status status="PASS" starttime="20210303 12:49:53.610" endtime="20210303 12:49:53.676"></status>
</kw>
<status status="PASS" starttime="20210303 12:49:45.292" endtime="20210303 12:49:53.676" critical="yes"></status>
</test>
<test id="s1-t6" name="Перейти на вкладку Творча Спілка">
<kw name="Start TestCase" library="common" type="setup">
<kw name="Open Browser" library="SeleniumLibrary">
<doc>Opens a new browser instance to the optional ``url``.</doc>
<arguments>
<arg>${URL}</arg>
<arg>${BROWSER}</arg>
</arguments>
<msg timestamp="20210303 12:49:53.682" level="INFO">Opening browser 'Chrome' to base url 'https://staging.prozorro.gov.ua'.</msg>
<status status="PASS" starttime="20210303 12:49:53.680" endtime="20210303 12:49:55.738"></status>
</kw>
<kw name="Maximize Browser Window" library="SeleniumLibrary">
<doc>Maximizes current browser window.</doc>
<status status="PASS" starttime="20210303 12:49:55.739" endtime="20210303 12:49:56.177"></status>
</kw>
<status status="PASS" starttime="20210303 12:49:53.678" endtime="20210303 12:49:56.177"></status>
</kw>
<kw name="Вибір і перехід по верхньому меню" library="main">
<doc>Вибір і перехід по верхньому меню</doc>
<arguments>
<arg>Творча Спілка</arg>
</arguments>
<kw name="Wait Until Element Is Visible" library="SeleniumLibrary">
<doc>Waits until the element ``locator`` is visible.</doc>
<arguments>
<arg>xpath=//nav[@class='desktop-nav']//a[text()='${locator_text}']</arg>
<arg>timeout=20</arg>
</arguments>
<status status="PASS" starttime="20210303 12:49:56.179" endtime="20210303 12:49:56.304"></status>
</kw>
<kw name="Click Element" library="SeleniumLibrary">
<doc>Click the element identified by ``locator``.</doc>
<arguments>
<arg>xpath=//nav[@class='desktop-nav']//a[text()='${locator_text}']</arg>
</arguments>
<msg timestamp="20210303 12:49:56.304" level="INFO">Clicking element 'xpath=//nav[@class='desktop-nav']//a[text()='Творча Спілка']'.</msg>
<status status="PASS" starttime="20210303 12:49:56.304" endtime="20210303 12:49:58.128"></status>
</kw>
<kw name="Sleep" library="BuiltIn">
<doc>Pauses the test executed for the given time.</doc>
<arguments>
<arg>5</arg>
</arguments>
<msg timestamp="20210303 12:50:03.129" level="INFO">Slept 5 seconds</msg>
<status status="PASS" starttime="20210303 12:49:58.128" endtime="20210303 12:50:03.130"></status>
</kw>
<status status="PASS" starttime="20210303 12:49:56.178" endtime="20210303 12:50:03.131"></status>
</kw>
<kw name="Finish TestCase" library="common" type="teardown">
<kw name="Close Browser" library="SeleniumLibrary">
<doc>Closes the current browser.</doc>
<status status="PASS" starttime="20210303 12:50:03.134" endtime="20210303 12:50:03.195"></status>
</kw>
<status status="PASS" starttime="20210303 12:50:03.132" endtime="20210303 12:50:03.195"></status>
</kw>
<status status="PASS" starttime="20210303 12:49:53.677" endtime="20210303 12:50:03.196" critical="yes"></status>
</test>
<test id="s1-t7" name="Вибір і перехід по нижньому меню">
<kw name="Start TestCase" library="common" type="setup">
<kw name="Open Browser" library="SeleniumLibrary">
<doc>Opens a new browser instance to the optional ``url``.</doc>
<arguments>
<arg>${URL}</arg>
<arg>${BROWSER}</arg>
</arguments>
<msg timestamp="20210303 12:50:03.200" level="INFO">Opening browser 'Chrome' to base url 'https://staging.prozorro.gov.ua'.</msg>
<status status="PASS" starttime="20210303 12:50:03.199" endtime="20210303 12:50:05.135"></status>
</kw>
<kw name="Maximize Browser Window" library="SeleniumLibrary">
<doc>Maximizes current browser window.</doc>
<status status="PASS" starttime="20210303 12:50:05.136" endtime="20210303 12:50:05.542"></status>
</kw>
<status status="PASS" starttime="20210303 12:50:03.198" endtime="20210303 12:50:05.543"></status>
</kw>
<kw name="Вибір і перехід по нижньому меню" library="main">
<doc>Вибір і перехід по нижньому меню</doc>
<arguments>
<arg>ПРОЗОРРО</arg>
</arguments>
<kw name="Wait Until Element Is Visible" library="SeleniumLibrary">
<doc>Waits until the element ``locator`` is visible.</doc>
<arguments>
<arg>xpath=//li[@class='page-footer__list-item']//a[text()='${locator_text}']</arg>
<arg>timeout=20</arg>
</arguments>
<kw name="Capture Page Screenshot" library="SeleniumLibrary">
<doc>Takes a screenshot of the current page and embeds it into a log file.</doc>
<msg timestamp="20210303 12:50:22.299" level="FAIL">WebDriverException: Message: chrome not reachable
  (Session info: chrome=88.0.4324.96)
</msg>
<status status="FAIL" starttime="20210303 12:50:22.290" endtime="20210303 12:50:22.299"></status>
</kw>
<msg timestamp="20210303 12:50:22.299" level="WARN">Keyword 'Capture Page Screenshot' could not be run on failure: WebDriverException: Message: chrome not reachable
  (Session info: chrome=88.0.4324.96)
</msg>
<msg timestamp="20210303 12:50:22.301" level="FAIL">WebDriverException: Message: chrome not reachable
  (Session info: chrome=88.0.4324.96)
</msg>
<status status="FAIL" starttime="20210303 12:50:05.546" endtime="20210303 12:50:22.301"></status>
</kw>
<status status="FAIL" starttime="20210303 12:50:05.543" endtime="20210303 12:50:22.302"></status>
</kw>
<kw name="Finish TestCase" library="common" type="teardown">
<kw name="Close Browser" library="SeleniumLibrary">
<doc>Closes the current browser.</doc>
<status status="PASS" starttime="20210303 12:50:22.304" endtime="20210303 12:50:22.316"></status>
</kw>
<status status="PASS" starttime="20210303 12:50:22.303" endtime="20210303 12:50:22.316"></status>
</kw>
<status status="FAIL" starttime="20210303 12:50:03.197" endtime="20210303 12:50:22.316" critical="yes">WebDriverException: Message: chrome not reachable
  (Session info: chrome=88.0.4324.96)
</status>
</test>
<test id="s1-t8" name="Перейти на вкладку Про нас">
<kw name="Start TestCase" library="common" type="setup">
<kw name="Open Browser" library="SeleniumLibrary">
<doc>Opens a new browser instance to the optional ``url``.</doc>
<arguments>
<arg>${URL}</arg>
<arg>${BROWSER}</arg>
</arguments>
<msg timestamp="20210303 12:50:22.319" level="INFO">Opening browser 'Chrome' to base url 'https://staging.prozorro.gov.ua'.</msg>
<status status="PASS" starttime="20210303 12:50:22.318" endtime="20210303 12:50:24.317"></status>
</kw>
<kw name="Maximize Browser Window" library="SeleniumLibrary">
<doc>Maximizes current browser window.</doc>
<status status="PASS" starttime="20210303 12:50:24.318" endtime="20210303 12:50:24.685"></status>
</kw>
<status status="PASS" starttime="20210303 12:50:22.318" endtime="20210303 12:50:24.686"></status>
</kw>
<kw name="Вибір і перехід по нижньому меню" library="main">
<doc>Вибір і перехід по нижньому меню</doc>
<arguments>
<arg>Про нас</arg>
</arguments>
<kw name="Wait Until Element Is Visible" library="SeleniumLibrary">
<doc>Waits until the element ``locator`` is visible.</doc>
<arguments>
<arg>xpath=//li[@class='page-footer__list-item']//a[text()='${locator_text}']</arg>
<arg>timeout=20</arg>
</arguments>
<status status="PASS" starttime="20210303 12:50:24.688" endtime="20210303 12:50:24.806"></status>
</kw>
<kw name="Click Element" library="SeleniumLibrary">
<doc>Click the element identified by ``locator``.</doc>
<arguments>
<arg>xpath=//li[@class='page-footer__list-item']//a[text()='${locator_text}']</arg>
</arguments>
<msg timestamp="20210303 12:50:24.807" level="INFO">Clicking element 'xpath=//li[@class='page-footer__list-item']//a[text()='Про нас']'.</msg>
<status status="PASS" starttime="20210303 12:50:24.806" endtime="20210303 12:50:27.559"></status>
</kw>
<kw name="Sleep" library="BuiltIn">
<doc>Pauses the test executed for the given time.</doc>
<arguments>
<arg>5</arg>
</arguments>
<msg timestamp="20210303 12:50:32.560" level="INFO">Slept 5 seconds</msg>
<status status="PASS" starttime="20210303 12:50:27.559" endtime="20210303 12:50:32.561"></status>
</kw>
<status status="PASS" starttime="20210303 12:50:24.687" endtime="20210303 12:50:32.561"></status>
</kw>
<kw name="Finish TestCase" library="common" type="teardown">
<kw name="Close Browser" library="SeleniumLibrary">
<doc>Closes the current browser.</doc>
<status status="PASS" starttime="20210303 12:50:32.563" endtime="20210303 12:50:32.623"></status>
</kw>
<status status="PASS" starttime="20210303 12:50:32.562" endtime="20210303 12:50:32.623"></status>
</kw>
<status status="PASS" starttime="20210303 12:50:22.317" endtime="20210303 12:50:32.623" critical="yes"></status>
</test>
<test id="s1-t9" name="Перейти на вкладку Bug bounty">
<kw name="Start TestCase" library="common" type="setup">
<kw name="Open Browser" library="SeleniumLibrary">
<doc>Opens a new browser instance to the optional ``url``.</doc>
<arguments>
<arg>${URL}</arg>
<arg>${BROWSER}</arg>
</arguments>
<msg timestamp="20210303 12:50:32.627" level="INFO">Opening browser 'Chrome' to base url 'https://staging.prozorro.gov.ua'.</msg>
<status status="PASS" starttime="20210303 12:50:32.627" endtime="20210303 12:50:34.606"></status>
</kw>
<kw name="Maximize Browser Window" library="SeleniumLibrary">
<doc>Maximizes current browser window.</doc>
<status status="PASS" starttime="20210303 12:50:34.607" endtime="20210303 12:50:34.972"></status>
</kw>
<status status="PASS" starttime="20210303 12:50:32.626" endtime="20210303 12:50:34.973"></status>
</kw>
<kw name="Вибір і перехід по нижньому меню" library="main">
<doc>Вибір і перехід по нижньому меню</doc>
<arguments>
<arg>Bug bounty</arg>
</arguments>
<kw name="Wait Until Element Is Visible" library="SeleniumLibrary">
<doc>Waits until the element ``locator`` is visible.</doc>
<arguments>
<arg>xpath=//li[@class='page-footer__list-item']//a[text()='${locator_text}']</arg>
<arg>timeout=20</arg>
</arguments>
<status status="PASS" starttime="20210303 12:50:34.974" endtime="20210303 12:50:35.069"></status>
</kw>
<kw name="Click Element" library="SeleniumLibrary">
<doc>Click the element identified by ``locator``.</doc>
<arguments>
<arg>xpath=//li[@class='page-footer__list-item']//a[text()='${locator_text}']</arg>
</arguments>
<msg timestamp="20210303 12:50:35.069" level="INFO">Clicking element 'xpath=//li[@class='page-footer__list-item']//a[text()='Bug bounty']'.</msg>
<status status="PASS" starttime="20210303 12:50:35.069" endtime="20210303 12:50:36.733"></status>
</kw>
<kw name="Sleep" library="BuiltIn">
<doc>Pauses the test executed for the given time.</doc>
<arguments>
<arg>5</arg>
</arguments>
<msg timestamp="20210303 12:50:41.734" level="INFO">Slept 5 seconds</msg>
<status status="PASS" starttime="20210303 12:50:36.733" endtime="20210303 12:50:41.735"></status>
</kw>
<status status="PASS" starttime="20210303 12:50:34.973" endtime="20210303 12:50:41.736"></status>
</kw>
<kw name="Finish TestCase" library="common" type="teardown">
<kw name="Close Browser" library="SeleniumLibrary">
<doc>Closes the current browser.</doc>
<status status="PASS" starttime="20210303 12:50:41.738" endtime="20210303 12:50:41.798"></status>
</kw>
<status status="PASS" starttime="20210303 12:50:41.737" endtime="20210303 12:50:41.799"></status>
</kw>
<status status="PASS" starttime="20210303 12:50:32.625" endtime="20210303 12:50:41.799" critical="yes"></status>
</test>
<test id="s1-t10" name="Перейти на вкладку Інформаційна безпека">
<kw name="Start TestCase" library="common" type="setup">
<kw name="Open Browser" library="SeleniumLibrary">
<doc>Opens a new browser instance to the optional ``url``.</doc>
<arguments>
<arg>${URL}</arg>
<arg>${BROWSER}</arg>
</arguments>
<msg timestamp="20210303 12:50:41.802" level="INFO">Opening browser 'Chrome' to base url 'https://staging.prozorro.gov.ua'.</msg>
<status status="PASS" starttime="20210303 12:50:41.802" endtime="20210303 12:50:43.800"></status>
</kw>
<kw name="Maximize Browser Window" library="SeleniumLibrary">
<doc>Maximizes current browser window.</doc>
<status status="PASS" starttime="20210303 12:50:43.801" endtime="20210303 12:50:44.167"></status>
</kw>
<status status="PASS" starttime="20210303 12:50:41.801" endtime="20210303 12:50:44.167"></status>
</kw>
<kw name="Вибір і перехід по нижньому меню" library="main">
<doc>Вибір і перехід по нижньому меню</doc>
<arguments>
<arg>Інформаційна безпека</arg>
</arguments>
<kw name="Wait Until Element Is Visible" library="SeleniumLibrary">
<doc>Waits until the element ``locator`` is visible.</doc>
<arguments>
<arg>xpath=//li[@class='page-footer__list-item']//a[text()='${locator_text}']</arg>
<arg>timeout=20</arg>
</arguments>
<status status="PASS" starttime="20210303 12:50:44.169" endtime="20210303 12:50:44.241"></status>
</kw>
<kw name="Click Element" library="SeleniumLibrary">
<doc>Click the element identified by ``locator``.</doc>
<arguments>
<arg>xpath=//li[@class='page-footer__list-item']//a[text()='${locator_text}']</arg>
</arguments>
<msg timestamp="20210303 12:50:44.242" level="INFO">Clicking element 'xpath=//li[@class='page-footer__list-item']//a[text()='Інформаційна безпека']'.</msg>
<status status="PASS" starttime="20210303 12:50:44.241" endtime="20210303 12:50:45.902"></status>
</kw>
<kw name="Sleep" library="BuiltIn">
<doc>Pauses the test executed for the given time.</doc>
<arguments>
<arg>5</arg>
</arguments>
<msg timestamp="20210303 12:50:50.904" level="INFO">Slept 5 seconds</msg>
<status status="PASS" starttime="20210303 12:50:45.902" endtime="20210303 12:50:50.904"></status>
</kw>
<status status="PASS" starttime="20210303 12:50:44.168" endtime="20210303 12:50:50.905"></status>
</kw>
<kw name="Finish TestCase" library="common" type="teardown">
<kw name="Close Browser" library="SeleniumLibrary">
<doc>Closes the current browser.</doc>
<status status="PASS" starttime="20210303 12:50:50.907" endtime="20210303 12:50:50.966"></status>
</kw>
<status status="PASS" starttime="20210303 12:50:50.906" endtime="20210303 12:50:50.967"></status>
</kw>
<status status="PASS" starttime="20210303 12:50:41.800" endtime="20210303 12:50:50.967" critical="yes"></status>
</test>
<test id="s1-t11" name="Перейти на вкладку Документи ДП &quot;ПРОЗОРРО&quot;">
<kw name="Start TestCase" library="common" type="setup">
<kw name="Open Browser" library="SeleniumLibrary">
<doc>Opens a new browser instance to the optional ``url``.</doc>
<arguments>
<arg>${URL}</arg>
<arg>${BROWSER}</arg>
</arguments>
<msg timestamp="20210303 12:50:50.969" level="INFO">Opening browser 'Chrome' to base url 'https://staging.prozorro.gov.ua'.</msg>
<status status="PASS" starttime="20210303 12:50:50.968" endtime="20210303 12:50:53.113"></status>
</kw>
<kw name="Maximize Browser Window" library="SeleniumLibrary">
<doc>Maximizes current browser window.</doc>
<status status="PASS" starttime="20210303 12:50:53.114" endtime="20210303 12:50:53.560"></status>
</kw>
<status status="PASS" starttime="20210303 12:50:50.968" endtime="20210303 12:50:53.560"></status>
</kw>
<kw name="Вибір і перехід по нижньому меню" library="main">
<doc>Вибір і перехід по нижньому меню</doc>
<arguments>
<arg>Документи ДП "ПРОЗОРРО"</arg>
</arguments>
<kw name="Wait Until Element Is Visible" library="SeleniumLibrary">
<doc>Waits until the element ``locator`` is visible.</doc>
<arguments>
<arg>xpath=//li[@class='page-footer__list-item']//a[text()='${locator_text}']</arg>
<arg>timeout=20</arg>
</arguments>
<status status="PASS" starttime="20210303 12:50:53.562" endtime="20210303 12:50:53.669"></status>
</kw>
<kw name="Click Element" library="SeleniumLibrary">
<doc>Click the element identified by ``locator``.</doc>
<arguments>
<arg>xpath=//li[@class='page-footer__list-item']//a[text()='${locator_text}']</arg>
</arguments>
<msg timestamp="20210303 12:50:53.671" level="INFO">Clicking element 'xpath=//li[@class='page-footer__list-item']//a[text()='Документи ДП "ПРОЗОРРО"']'.</msg>
<status status="PASS" starttime="20210303 12:50:53.670" endtime="20210303 12:50:55.418"></status>
</kw>
<kw name="Sleep" library="BuiltIn">
<doc>Pauses the test executed for the given time.</doc>
<arguments>
<arg>5</arg>
</arguments>
<msg timestamp="20210303 12:51:00.419" level="INFO">Slept 5 seconds</msg>
<status status="PASS" starttime="20210303 12:50:55.419" endtime="20210303 12:51:00.419"></status>
</kw>
<status status="PASS" starttime="20210303 12:50:53.561" endtime="20210303 12:51:00.420"></status>
</kw>
<kw name="Finish TestCase" library="common" type="teardown">
<kw name="Close Browser" library="SeleniumLibrary">
<doc>Closes the current browser.</doc>
<status status="PASS" starttime="20210303 12:51:00.422" endtime="20210303 12:51:00.486"></status>
</kw>
<status status="PASS" starttime="20210303 12:51:00.421" endtime="20210303 12:51:00.486"></status>
</kw>
<status status="PASS" starttime="20210303 12:50:50.967" endtime="20210303 12:51:00.486" critical="yes"></status>
</test>
<test id="s1-t12" name="Перейти на вкладку Подати офіційний лист з ЕЦП">
<kw name="Start TestCase" library="common" type="setup">
<kw name="Open Browser" library="SeleniumLibrary">
<doc>Opens a new browser instance to the optional ``url``.</doc>
<arguments>
<arg>${URL}</arg>
<arg>${BROWSER}</arg>
</arguments>
<msg timestamp="20210303 12:51:00.488" level="INFO">Opening browser 'Chrome' to base url 'https://staging.prozorro.gov.ua'.</msg>
<status status="PASS" starttime="20210303 12:51:00.488" endtime="20210303 12:51:02.521"></status>
</kw>
<kw name="Maximize Browser Window" library="SeleniumLibrary">
<doc>Maximizes current browser window.</doc>
<status status="PASS" starttime="20210303 12:51:02.521" endtime="20210303 12:51:02.920"></status>
</kw>
<status status="PASS" starttime="20210303 12:51:00.488" endtime="20210303 12:51:02.921"></status>
</kw>
<kw name="Вибір і перехід по нижньому меню" library="main">
<doc>Вибір і перехід по нижньому меню</doc>
<arguments>
<arg>Подати офіційний лист з ЕЦП</arg>
</arguments>
<kw name="Wait Until Element Is Visible" library="SeleniumLibrary">
<doc>Waits until the element ``locator`` is visible.</doc>
<arguments>
<arg>xpath=//li[@class='page-footer__list-item']//a[text()='${locator_text}']</arg>
<arg>timeout=20</arg>
</arguments>
<status status="PASS" starttime="20210303 12:51:02.926" endtime="20210303 12:51:03.033"></status>
</kw>
<kw name="Click Element" library="SeleniumLibrary">
<doc>Click the element identified by ``locator``.</doc>
<arguments>
<arg>xpath=//li[@class='page-footer__list-item']//a[text()='${locator_text}']</arg>
</arguments>
<msg timestamp="20210303 12:51:03.034" level="INFO">Clicking element 'xpath=//li[@class='page-footer__list-item']//a[text()='Подати офіційний лист з ЕЦП']'.</msg>
<status status="PASS" starttime="20210303 12:51:03.033" endtime="20210303 12:51:04.629"></status>
</kw>
<kw name="Sleep" library="BuiltIn">
<doc>Pauses the test executed for the given time.</doc>
<arguments>
<arg>5</arg>
</arguments>
<msg timestamp="20210303 12:51:09.630" level="INFO">Slept 5 seconds</msg>
<status status="PASS" starttime="20210303 12:51:04.629" endtime="20210303 12:51:09.630"></status>
</kw>
<status status="PASS" starttime="20210303 12:51:02.922" endtime="20210303 12:51:09.631"></status>
</kw>
<kw name="Finish TestCase" library="common" type="teardown">
<kw name="Close Browser" library="SeleniumLibrary">
<doc>Closes the current browser.</doc>
<status status="PASS" starttime="20210303 12:51:09.634" endtime="20210303 12:51:09.694"></status>
</kw>
<status status="PASS" starttime="20210303 12:51:09.632" endtime="20210303 12:51:09.694"></status>
</kw>
<status status="PASS" starttime="20210303 12:51:00.487" endtime="20210303 12:51:09.694" critical="yes"></status>
</test>
<test id="s1-t13" name="Перейти на вкладку Розвиток системи">
<kw name="Start TestCase" library="common" type="setup">
<kw name="Open Browser" library="SeleniumLibrary">
<doc>Opens a new browser instance to the optional ``url``.</doc>
<arguments>
<arg>${URL}</arg>
<arg>${BROWSER}</arg>
</arguments>
<msg timestamp="20210303 12:51:09.697" level="INFO">Opening browser 'Chrome' to base url 'https://staging.prozorro.gov.ua'.</msg>
<status status="PASS" starttime="20210303 12:51:09.696" endtime="20210303 12:51:11.662"></status>
</kw>
<kw name="Maximize Browser Window" library="SeleniumLibrary">
<doc>Maximizes current browser window.</doc>
<status status="PASS" starttime="20210303 12:51:11.663" endtime="20210303 12:51:12.052"></status>
</kw>
<status status="PASS" starttime="20210303 12:51:09.696" endtime="20210303 12:51:12.052"></status>
</kw>
<kw name="Вибір і перехід по нижньому меню" library="main">
<doc>Вибір і перехід по нижньому меню</doc>
<arguments>
<arg>Розвиток системи</arg>
</arguments>
<kw name="Wait Until Element Is Visible" library="SeleniumLibrary">
<doc>Waits until the element ``locator`` is visible.</doc>
<arguments>
<arg>xpath=//li[@class='page-footer__list-item']//a[text()='${locator_text}']</arg>
<arg>timeout=20</arg>
</arguments>
<status status="PASS" starttime="20210303 12:51:12.053" endtime="20210303 12:51:12.146"></status>
</kw>
<kw name="Click Element" library="SeleniumLibrary">
<doc>Click the element identified by ``locator``.</doc>
<arguments>
<arg>xpath=//li[@class='page-footer__list-item']//a[text()='${locator_text}']</arg>
</arguments>
<msg timestamp="20210303 12:51:12.147" level="INFO">Clicking element 'xpath=//li[@class='page-footer__list-item']//a[text()='Розвиток системи']'.</msg>
<status status="PASS" starttime="20210303 12:51:12.147" endtime="20210303 12:51:13.673"></status>
</kw>
<kw name="Sleep" library="BuiltIn">
<doc>Pauses the test executed for the given time.</doc>
<arguments>
<arg>5</arg>
</arguments>
<msg timestamp="20210303 12:51:18.674" level="INFO">Slept 5 seconds</msg>
<status status="PASS" starttime="20210303 12:51:13.673" endtime="20210303 12:51:18.674"></status>
</kw>
<status status="PASS" starttime="20210303 12:51:12.053" endtime="20210303 12:51:18.675"></status>
</kw>
<kw name="Finish TestCase" library="common" type="teardown">
<kw name="Close Browser" library="SeleniumLibrary">
<doc>Closes the current browser.</doc>
<status status="PASS" starttime="20210303 12:51:18.680" endtime="20210303 12:51:18.744"></status>
</kw>
<status status="PASS" starttime="20210303 12:51:18.677" endtime="20210303 12:51:18.745"></status>
</kw>
<status status="PASS" starttime="20210303 12:51:09.695" endtime="20210303 12:51:18.745" critical="yes"></status>
</test>
<test id="s1-t14" name="Перейти на вкладку Майданчики Prozorro">
<kw name="Start TestCase" library="common" type="setup">
<kw name="Open Browser" library="SeleniumLibrary">
<doc>Opens a new browser instance to the optional ``url``.</doc>
<arguments>
<arg>${URL}</arg>
<arg>${BROWSER}</arg>
</arguments>
<msg timestamp="20210303 12:51:18.748" level="INFO">Opening browser 'Chrome' to base url 'https://staging.prozorro.gov.ua'.</msg>
<status status="PASS" starttime="20210303 12:51:18.747" endtime="20210303 12:51:20.789"></status>
</kw>
<kw name="Maximize Browser Window" library="SeleniumLibrary">
<doc>Maximizes current browser window.</doc>
<status status="PASS" starttime="20210303 12:51:20.790" endtime="20210303 12:51:21.203"></status>
</kw>
<status status="PASS" starttime="20210303 12:51:18.747" endtime="20210303 12:51:21.204"></status>
</kw>
<kw name="Вибір і перехід по нижньому меню" library="main">
<doc>Вибір і перехід по нижньому меню</doc>
<arguments>
<arg>Майданчики Prozorro</arg>
</arguments>
<kw name="Wait Until Element Is Visible" library="SeleniumLibrary">
<doc>Waits until the element ``locator`` is visible.</doc>
<arguments>
<arg>xpath=//li[@class='page-footer__list-item']//a[text()='${locator_text}']</arg>
<arg>timeout=20</arg>
</arguments>
<status status="PASS" starttime="20210303 12:51:21.207" endtime="20210303 12:51:21.349"></status>
</kw>
<kw name="Click Element" library="SeleniumLibrary">
<doc>Click the element identified by ``locator``.</doc>
<arguments>
<arg>xpath=//li[@class='page-footer__list-item']//a[text()='${locator_text}']</arg>
</arguments>
<msg timestamp="20210303 12:51:21.350" level="INFO">Clicking element 'xpath=//li[@class='page-footer__list-item']//a[text()='Майданчики Prozorro']'.</msg>
<status status="PASS" starttime="20210303 12:51:21.349" endtime="20210303 12:51:23.298"></status>
</kw>
<kw name="Sleep" library="BuiltIn">
<doc>Pauses the test executed for the given time.</doc>
<arguments>
<arg>5</arg>
</arguments>
<msg timestamp="20210303 12:51:28.300" level="INFO">Slept 5 seconds</msg>
<status status="PASS" starttime="20210303 12:51:23.299" endtime="20210303 12:51:28.300"></status>
</kw>
<status status="PASS" starttime="20210303 12:51:21.204" endtime="20210303 12:51:28.301"></status>
</kw>
<kw name="Finish TestCase" library="common" type="teardown">
<kw name="Close Browser" library="SeleniumLibrary">
<doc>Closes the current browser.</doc>
<status status="PASS" starttime="20210303 12:51:28.302" endtime="20210303 12:51:28.393"></status>
</kw>
<status status="PASS" starttime="20210303 12:51:28.301" endtime="20210303 12:51:28.393"></status>
</kw>
<status status="PASS" starttime="20210303 12:51:18.746" endtime="20210303 12:51:28.394" critical="yes"></status>
</test>
<status status="FAIL" starttime="20210303 12:49:09.499" endtime="20210303 12:51:28.396"></status>
</suite>
<statistics>
<total>
<stat pass="13" fail="1">Critical Tests</stat>
<stat pass="13" fail="1">All Tests</stat>
</total>
<tag>
</tag>
<suite>
<stat pass="13" fail="1" id="s1" name="Test Heder Menu">Test Heder Menu</stat>
</suite>
</statistics>
<errors>
<msg timestamp="20210303 12:50:22.299" level="WARN">Keyword 'Capture Page Screenshot' could not be run on failure: WebDriverException: Message: chrome not reachable
  (Session info: chrome=88.0.4324.96)
</msg>
</errors>
</robot>
